[
  {
    "name": "State",
    "value": [
      "",
      "Connected to log server",
      "========================================\nMAV_STATE: MANUAL\n\n                  FLIR: INACTIVE\n                  D455: INACTIVE\n                  T265: UNSPECIFIED\n                 LIDAR: INACTIVE\n          Range Finder: ACTIVE\n                   RTK: INACTIVE\n             MAV State: WAITING_FOR_ACTIVE\n               MAV IMU: WAITING_FOR_ACTIVE\n          MAV Odometry: WAITING_FOR_ACTIVE\n      MAV Magnetometer: NOT_FOUND\n MAV Absolute Pressure: INACTIVE\n           MAV Battery: WAITING_FOR_ACTIVE\n  ...",
      "========================================\nMAV_STATE: MANUAL\n\n                  FLIR: UNSPECIFIED\n                  D455: UNSPECIFIED\n                  T265: INACTIVE\n                 LIDAR: UNSPECIFIED\n          Range Finder: WAITING_FOR_ACTIVE\n                   RTK: ACTIVE\n             MAV State: WAITING_FOR_ACTIVE\n               MAV IMU: NOT_FOUND\n          MAV Odometry: INACTIVE\n      MAV Magnetometer: ACTIVE\n MAV Absolute Pressure: NOT_FOUND\n           MAV Battery: INACTIVE\n             MAV ...",
      "========================================\nMAV_STATE: MANUAL\n\n                  FLIR: ACTIVE\n                  D455: NOT_FOUND\n                  T265: INACTIVE\n                 LIDAR: WAITING_FOR_ACTIVE\n          Range Finder: ACTIVE\n                   RTK: WAITING_FOR_ACTIVE\n             MAV State: ACTIVE\n               MAV IMU: ACTIVE\n          MAV Odometry: INACTIVE\n      MAV Magnetometer: UNSPECIFIED\n MAV Absolute Pressure: ACTIVE\n           MAV Battery: WAITING_FOR_ACTIVE\n             MAV Mot...",
      "========================================\nMAV_STATE: MANUAL\n\n                  FLIR: WAITING_FOR_ACTIVE\n                  D455: ACTIVE\n                  T265: ACTIVE\n                 LIDAR: ACTIVE\n          Range Finder: INACTIVE\n                   RTK: NOT_FOUND\n             MAV State: INACTIVE\n               MAV IMU: UNSPECIFIED\n          MAV Odometry: INACTIVE\n      MAV Magnetometer: ACTIVE\n MAV Absolute Pressure: NOT_FOUND\n           MAV Battery: NOT_FOUND\n             MAV Motor: WAITING_FOR_...",
      "========================================\nMAV_STATE: MANUAL\n\n                  FLIR: WAITING_FOR_ACTIVE\n                  D455: NOT_FOUND\n                  T265: UNSPECIFIED\n                 LIDAR: NOT_FOUND\n          Range Finder: INACTIVE\n                   RTK: WAITING_FOR_ACTIVE\n             MAV State: WAITING_FOR_ACTIVE\n               MAV IMU: NOT_FOUND\n          MAV Odometry: WAITING_FOR_ACTIVE\n      MAV Magnetometer: NOT_FOUND\n MAV Absolute Pressure: NOT_FOUND\n           MAV Battery: NOT_F...",
      "========================================\nMAV_STATE: MANUAL\n\n                  FLIR: ACTIVE\n                  D455: ACTIVE\n                  T265: ACTIVE\n                 LIDAR: NOT_FOUND\n          Range Finder: UNSPECIFIED\n                   RTK: WAITING_FOR_ACTIVE\n             MAV State: ACTIVE\n               MAV IMU: INACTIVE\n          MAV Odometry: INACTIVE\n      MAV Magnetometer: INACTIVE\n MAV Absolute Pressure: NOT_FOUND\n           MAV Battery: INACTIVE\n             MAV Motor: ACTIVE\n     M...",
      "========================================\nMAV_STATE: MANUAL\n\n                  FLIR: ACTIVE\n                  D455: NOT_FOUND\n                  T265: UNSPECIFIED\n                 LIDAR: INACTIVE\n          Range Finder: ACTIVE\n                   RTK: WAITING_FOR_ACTIVE\n             MAV State: ACTIVE\n               MAV IMU: INACTIVE\n          MAV Odometry: ACTIVE\n      MAV Magnetometer: INACTIVE\n MAV Absolute Pressure: UNSPECIFIED\n           MAV Battery: WAITING_FOR_ACTIVE\n             MAV Motor: A...",
      "========================================\nMAV_STATE: MANUAL\n\n                  FLIR: ACTIVE\n                  D455: WAITING_FOR_ACTIVE\n                  T265: INACTIVE\n                 LIDAR: INACTIVE\n          Range Finder: INACTIVE\n                   RTK: ACTIVE\n             MAV State: NOT_FOUND\n               MAV IMU: WAITING_FOR_ACTIVE\n          MAV Odometry: UNSPECIFIED\n      MAV Magnetometer: WAITING_FOR_ACTIVE\n MAV Absolute Pressure: ACTIVE\n           MAV Battery: ACTIVE\n             MAV M...",
      "========================================\nMAV_STATE: MANUAL\n\n                  FLIR: UNSPECIFIED\n                  D455: NOT_FOUND\n                  T265: WAITING_FOR_ACTIVE\n                 LIDAR: WAITING_FOR_ACTIVE\n          Range Finder: NOT_FOUND\n                   RTK: NOT_FOUND\n             MAV State: UNSPECIFIED\n               MAV IMU: WAITING_FOR_ACTIVE\n          MAV Odometry: WAITING_FOR_ACTIVE\n      MAV Magnetometer: INACTIVE\n MAV Absolute Pressure: ACTIVE\n           MAV Battery: NOT_FO...",
      "========================================\nMAV_STATE: MANUAL\n\n                  FLIR: INACTIVE\n                  D455: WAITING_FOR_ACTIVE\n                  T265: NOT_FOUND\n                 LIDAR: UNSPECIFIED\n          Range Finder: NOT_FOUND\n                   RTK: UNSPECIFIED\n             MAV State: WAITING_FOR_ACTIVE\n               MAV IMU: NOT_FOUND\n          MAV Odometry: NOT_FOUND\n      MAV Magnetometer: ACTIVE\n MAV Absolute Pressure: WAITING_FOR_ACTIVE\n           MAV Battery: UNSPECIFIED\n   ...",
      "========================================\nMAV_STATE: MANUAL\n\n                  FLIR: INACTIVE\n                  D455: ACTIVE\n                  T265: INACTIVE\n                 LIDAR: INACTIVE\n          Range Finder: INACTIVE\n                   RTK: NOT_FOUND\n             MAV State: UNSPECIFIED\n               MAV IMU: UNSPECIFIED\n          MAV Odometry: NOT_FOUND\n      MAV Magnetometer: WAITING_FOR_ACTIVE\n MAV Absolute Pressure: ACTIVE\n           MAV Battery: UNSPECIFIED\n             MAV Motor: WAI...",
      "========================================\nMAV_STATE: MANUAL\n\n                  FLIR: WAITING_FOR_ACTIVE\n                  D455: WAITING_FOR_ACTIVE\n                  T265: INACTIVE\n                 LIDAR: NOT_FOUND\n          Range Finder: WAITING_FOR_ACTIVE\n                   RTK: ACTIVE\n             MAV State: ACTIVE\n               MAV IMU: NOT_FOUND\n          MAV Odometry: NOT_FOUND\n      MAV Magnetometer: NOT_FOUND\n MAV Absolute Pressure: UNSPECIFIED\n           MAV Battery: INACTIVE\n           ...",
      "========================================\nMAV_STATE: MANUAL\n\n                  FLIR: NOT_FOUND\n                  D455: INACTIVE\n                  T265: NOT_FOUND\n                 LIDAR: ACTIVE\n          Range Finder: ACTIVE\n                   RTK: ACTIVE\n             MAV State: WAITING_FOR_ACTIVE\n               MAV IMU: INACTIVE\n          MAV Odometry: NOT_FOUND\n      MAV Magnetometer: NOT_FOUND\n MAV Absolute Pressure: INACTIVE\n           MAV Battery: NOT_FOUND\n             MAV Motor: ACTIVE\n    ...",
      "========================================\nMAV_STATE: MANUAL\n\n                  FLIR: NOT_FOUND\n                  D455: INACTIVE\n                  T265: UNSPECIFIED\n                 LIDAR: UNSPECIFIED\n          Range Finder: UNSPECIFIED\n                   RTK: ACTIVE\n             MAV State: NOT_FOUND\n               MAV IMU: INACTIVE\n          MAV Odometry: UNSPECIFIED\n      MAV Magnetometer: ACTIVE\n MAV Absolute Pressure: NOT_FOUND\n           MAV Battery: UNSPECIFIED\n             MAV Motor: NOT_FO...",
      "========================================\nMAV_STATE: MANUAL\n\n                  FLIR: ACTIVE\n                  D455: WAITING_FOR_ACTIVE\n                  T265: ACTIVE\n                 LIDAR: UNSPECIFIED\n          Range Finder: NOT_FOUND\n                   RTK: NOT_FOUND\n             MAV State: INACTIVE\n               MAV IMU: UNSPECIFIED\n          MAV Odometry: WAITING_FOR_ACTIVE\n      MAV Magnetometer: INACTIVE\n MAV Absolute Pressure: UNSPECIFIED\n           MAV Battery: ACTIVE\n             MAV Mo...",
      "========================================\nMAV_STATE: MANUAL\n\n                  FLIR: ACTIVE\n                  D455: WAITING_FOR_ACTIVE\n                  T265: WAITING_FOR_ACTIVE\n                 LIDAR: INACTIVE\n          Range Finder: NOT_FOUND\n                   RTK: NOT_FOUND\n             MAV State: NOT_FOUND\n               MAV IMU: INACTIVE\n          MAV Odometry: ACTIVE\n      MAV Magnetometer: UNSPECIFIED\n MAV Absolute Pressure: INACTIVE\n           MAV Battery: UNSPECIFIED\n             MAV Mo...",
      "[ERROR] FLIR camera is not activated and will not send the image to GCS.\n",
      "[ERROR] D455 camera is not activated and will not send the image to GCS.\n",
      "========================================\nMAV_STATE: MANUAL\n\n                  FLIR: NOT_FOUND\n                  D455: NOT_FOUND\n                  T265: UNSPECIFIED\n                 LIDAR: NOT_FOUND\n          Range Finder: UNSPECIFIED\n                   RTK: UNSPECIFIED\n             MAV State: ACTIVE\n               MAV IMU: ACTIVE\n          MAV Odometry: ACTIVE\n      MAV Magnetometer: ACTIVE\n MAV Absolute Pressure: ACTIVE\n           MAV Battery: INACTIVE\n             MAV Motor: UNSPECIFIED\n     M...",
      "[ERROR] Stop Init: Reject from GCS.\n",
      "[ERROR] Fail to make Init Instruction.\n",
      "[ERROR] Stop Init: Wait for image check TIMEOUT.\n",
      "========================================\nMAV_STATE: MANUAL\n\n                  FLIR: NOT_FOUND\n                  D455: NOT_FOUND\n                  T265: UNSPECIFIED\n                 LIDAR: NOT_FOUND\n          Range Finder: UNSPECIFIED\n                   RTK: UNSPECIFIED\n             MAV State: ACTIVE\n               MAV IMU: ACTIVE\n          MAV Odometry: ACTIVE\n      MAV Magnetometer: ACTIVE\n MAV Absolute Pressure: ACTIVE\n           MAV Battery: INACTIVE\n             MAV Motor: UNSPECIFIED\n     M...",
      "[ERROR] D455 camera is not activated and will not send the image to GCS.\n",
      "[ERROR] FLIR camera is not activated and will not send the image to GCS.\n",
      "[ERROR] Stop Init: Peripherals check failed.\n",
      "[ERROR] D455 camera is not activated and will not send the image to GCS.\n",
      "[ERROR] FLIR camera is not activated and will not send the image to GCS.\n",
      "[ERROR] Fail to make Init Instruction.\n",
      "[ERROR] MAV Batteryis INACTIVE.\n",
      "========================================\nMAV_STATE: MANUAL\n\n                  FLIR: NOT_FOUND\n                  D455: NOT_FOUND\n                  T265: UNSPECIFIED\n                 LIDAR: NOT_FOUND\n          Range Finder: UNSPECIFIED\n                   RTK: UNSPECIFIED\n             MAV State: ACTIVE\n               MAV IMU: ACTIVE\n          MAV Odometry: ACTIVE\n      MAV Magnetometer: ACTIVE\n MAV Absolute Pressure: ACTIVE\n           MAV Battery: INACTIVE\n             MAV Motor: UNSPECIFIED\n     M...",
      "[ERROR] Stop Init: Reject from GCS.\n",
      "[ERROR] FLIR camera is not activated and will not send the image to GCS.\n",
      "[ERROR] D455 camera is not activated and will not send the image to GCS.\n",
      "========================================\nMAV_STATE: MANUAL\n\n                  FLIR: NOT_FOUND\n                  D455: NOT_FOUND\n                  T265: UNSPECIFIED\n                 LIDAR: NOT_FOUND\n          Range Finder: UNSPECIFIED\n                   RTK: UNSPECIFIED\n             MAV State: ACTIVE\n               MAV IMU: ACTIVE\n          MAV Odometry: ACTIVE\n      MAV Magnetometer: ACTIVE\n MAV Absolute Pressure: ACTIVE\n           MAV Battery: INACTIVE\n             MAV Motor: UNSPECIFIED\n     M...",
      "[ERROR] Fail to make Init Instruction.\n",
      "[ INFO] Parsing successful.\n",
      "MAVROS and GEOMETRIC_CONTROLLER initialization was successful.\n",
      "[ INFO] Waiting for first status message...\n",
      "[ INFO] Waiting for final status result...\n",
      "[ INFO] Waiting for final status result...\n",
      "[ INFO] Waiting for final status result...\n",
      "[ INFO] Waiting for final status result...\n",
      "[ INFO] Waiting for final status result...\n",
      "[ INFO] Waiting for final status result...\n",
      "[ INFO] Waiting for final status result...\n",
      "[ INFO] Waiting for final status result...\n",
      "[ INFO] Waiting for final status result...\n",
      "[ INFO] Waiting for final status result...\n",
      "[ INFO] Waiting for final status result...\n",
      "[ INFO] Waiting for final status result...\n",
      "[ INFO] Waiting for final status result...\n",
      "[ INFO] Waiting for final status result...\n",
      "[ INFO] Waiting for final status result...\n",
      "[ INFO] Waiting for final status result...\n",
      "[ INFO] Waiting for final status result...\n",
      "[ INFO] Waiting for final status result...\n",
      "[ INFO] Waiting for final status result...\n",
      "[ INFO] Waiting for final status result...\n",
      "[ INFO] Waiting for final status result...\n",
      "[ INFO] Waiting for final status result...\n",
      "[ INFO] Waiting for final status result...\n",
      "[ INFO] Waiting for final status result...\n",
      "[ INFO] Waiting for final status result...\n",
      "[ INFO] Waiting for final status result...\n",
      "[ INFO] Waiting for final status result...\n",
      "[ INFO] Waiting for final status result...\n",
      "[ INFO] Waiting for final status result...\n",
      "[ INFO] Waiting for final status result...\n",
      "[ INFO] Waiting for final status result...\n",
      "[ INFO] Waiting for final status result...\n",
      "[ INFO] Waiting for final status result...\n",
      "[ INFO] Waiting for final status result...\n",
      "[ INFO] Waiting for final status result...\n",
      "[ INFO] Waiting for final status result...\n",
      "[ INFO] Waiting for final status result...\n",
      "[ INFO] Waiting for final status result...\n",
      "[ INFO] Waiting for final status result...\n",
      "[ INFO] Waiting for final status result...\n",
      "[ INFO] Waiting for final status result...\n",
      "[ INFO] Waiting for final status result...\n",
      "[ INFO] Waiting for final status result...\n",
      "[ INFO] Waiting for final status result...\n",
      "[ INFO] Waiting for final status result...\n",
      "[ INFO] Waiting for final status result...\n",
      "[ INFO] Waiting for final status result...\n",
      "[ INFO] Waiting for final status result...\n",
      "[ INFO] Waiting for final status result...\n",
      "[ INFO] Waiting for final status result...\n",
      "[ INFO] Waiting for final status result...\n",
      "[ INFO] Waiting for final status result...\n",
      "[ INFO] Waiting for final status result...\n",
      "[ INFO] Waiting for final status result...\n",
      "[ INFO] Waiting for final status result...\n",
      "[ INFO] Waiting for final status result...\n",
      "[ INFO] Waiting for final status result...\n",
      "[ INFO] Waiting for final status result...\n",
      "[ INFO] Waiting for final status result...\n",
      "[ INFO] Waiting for final status result...\n",
      "[ INFO] Waiting for final status result...\n",
      "[ INFO] Waiting for final status result...\n",
      "[ INFO] Waiting for final status result...\n",
      "[ INFO] Waiting for final status result...\n",
      "[ INFO] Waiting for final status result...\n",
      "[ INFO] Waiting for final status result...\n",
      "[ INFO] Waiting for final status result...\n",
      "[ INFO] Waiting for final status result...\n",
      "[ INFO] Waiting for final status result...\n",
      "[ INFO] Waiting for final status result...\n",
      "[ INFO] Waiting for final status result...\n",
      "[ INFO] Waiting for final status result...\n",
      "[ INFO] Waiting for final status result...\n",
      "[ INFO] Waiting for final status result...\n",
      "[ INFO] Waiting for final status result...\n",
      "[ INFO] Waiting for final status result...\n",
      "[ INFO] Waiting for final status result...\n",
      "[ INFO] Waiting for final status result...\n",
      "[ INFO] Waiting for final status result...\n",
      "[ INFO] Waiting for final status result...\n",
      "[ INFO] Waiting for final status result...\n",
      "[ INFO] Waiting for final status result...\n",
      "[ INFO] Waiting for final status result...\n",
      "[ INFO] Waiting for final status result...\n",
      "[ INFO] Waiting for final status result...\n",
      "[ INFO] Waiting for final status result...\n",
      "[ INFO] Waiting for final status result...\n",
      "[ INFO] Waiting for final status result...\n",
      "[ INFO] Waiting for final status result...\n",
      "[ INFO] Waiting for final status result...\n",
      "[ INFO] Waiting for final status result...\n",
      "[ INFO] Waiting for final status result...\n",
      "[ INFO] Waiting for final status result...\n",
      "[ INFO] Waiting for final status result...\n",
      "[ INFO] Waiting for final status result...\n",
      "[ INFO] Waiting for final status result...\n",
      "[ INFO] Waiting for final status result...\n",
      "[ INFO] Waiting for final status result...\n",
      "[ INFO] Waiting for final status result...\n",
      "The execution of the mission was unsuccessful.\n",
      "========================================\nMAV_STATE: MANUAL\n\n                  FLIR: NOT_FOUND\n                  D455: NOT_FOUND\n                  T265: UNSPECIFIED\n                 LIDAR: NOT_FOUND\n          Range Finder: UNSPECIFIED\n                   RTK: UNSPECIFIED\n             MAV State: ACTIVE\n               MAV IMU: ACTIVE\n          MAV Odometry: ACTIVE\n      MAV Magnetometer: ACTIVE\n MAV Absolute Pressure: ACTIVE\n           MAV Battery: INACTIVE\n             MAV Motor: UNSPECIFIED\n     M...",
      "[ INFO] Waiting for final status result...\n",
      "[ERROR] Fail to make Init Instruction.\n",
      "[ERROR] FLIR camera is not activated and will not send the image to GCS.\n",
      "[ERROR] Stop Init: Reject from GCS.\n",
      "[ERROR] D455 camera is not activated and will not send the image to GCS.\n",
      "MAVROS and GEOMETRIC_CONTROLLER initialization was successful.\n",
      "[ INFO] Parsing successful.\n",
      "[ INFO] Waiting for first status message...\n",
      "[ INFO] Waiting for final status result...\n",
      "[ERROR] FLIR camera is not activated and will not send the image to GCS.\n",
      "[ERROR] D455 camera is not activated and will not send the image to GCS.\n",
      "========================================\nMAV_STATE: MANUAL\n\n                  FLIR: NOT_FOUND\n                  D455: NOT_FOUND\n                  T265: UNSPECIFIED\n                 LIDAR: NOT_FOUND\n          Range Finder: UNSPECIFIED\n                   RTK: UNSPECIFIED\n             MAV State: ACTIVE\n               MAV IMU: ACTIVE\n          MAV Odometry: ACTIVE\n      MAV Magnetometer: ACTIVE\n MAV Absolute Pressure: ACTIVE\n           MAV Battery: INACTIVE\n             MAV Motor: UNSPECIFIED\n     M...",
      "[ERROR] Fail to make Init Instruction.\n",
      "[ERROR] Stop Init: Reject from GCS.\n",
      "The execution of the mission was unsuccessful.\n",
      "MAVROS and GEOMETRIC_CONTROLLER initialization was successful.\n",
      "[ INFO] Waiting for first status message...\n",
      "[ INFO] Parsing successful.\n",
      "[ INFO] Waiting for final status result...\n",
      "[ERROR] FLIR camera is not activated and will not send the image to GCS.\n",
      "[ERROR] D455 camera is not activated and will not send the image to GCS.\n",
      "========================================\n           MAV_STATE: MANUAL\n\n                  FLIR: NOT_FOUND\n                  D455: NOT_FOUND\n                  T265: UNSPECIFIED\n                 LIDAR: NOT_FOUND\n          Range Finder: UNSPECIFIED\n                   RTK: UNSPECIFIED\n             MAV State: ACTIVE\n               MAV IMU: ACTIVE\n          MAV Odometry: ACTIVE\n      MAV Magnetometer: ACTIVE\n MAV Absolute Pressure: ACTIVE\n           MAV Battery: INACTIVE\n             MAV Motor: UNSPECI...",
      "[ERROR] Stop Init: Reject from GCS.\n",
      "[ERROR] Fail to make Init Instruction.\n",
      "The execution of the mission was unsuccessful.\n",
      "MAVROS and GEOMETRIC_CONTROLLER initialization was successful.\n",
      "[ INFO] Parsing successful.\n",
      "[ INFO] Waiting for first status message...\n",
      "[ INFO] Waiting for final status result...\n",
      "[ERROR] FLIR camera is not activated and will not send the image to GCS.\n",
      "[ERROR] D455 camera is not activated and will not send the image to GCS.\n",
      "========================================\n             MAV_STATE: MANUAL\n\n                  FLIR: NOT_FOUND\n                  D455: NOT_FOUND\n                  T265: UNSPECIFIED\n                 LIDAR: NOT_FOUND\n          Range Finder: UNSPECIFIED\n                   RTK: UNSPECIFIED\n             MAV State: ACTIVE\n               MAV IMU: ACTIVE\n          MAV Odometry: ACTIVE\n      MAV Magnetometer: ACTIVE\n MAV Absolute Pressure: ACTIVE\n           MAV Battery: INACTIVE\n             MAV Motor: UNSPE...",
      "[ERROR] Stop Init: Reject from GCS.\n",
      "[ERROR] Fail to make Init Instruction.\n",
      "The execution of the mission was unsuccessful.\n",
      "MAVROS and GEOMETRIC_CONTROLLER initialization was unsuccessful.\n",
      "[ INFO] Parsing successful.\n",
      "[ INFO] Waiting for first status message...\n",
      "MAVROS and GEOMETRIC_CONTROLLER initialization was successful.\n",
      "[ INFO] Waiting for final status result...\n",
      "[ERROR] FLIR camera is not activated and will not send the image to GCS.\n",
      "[ERROR] D455 camera is not activated and will not send the image to GCS.\n",
      "\n========================================\n             MAV_STATE: MANUAL\n\n                  FLIR: NOT_FOUND\n                  D455: NOT_FOUND\n                  T265: UNSPECIFIED\n                 LIDAR: NOT_FOUND\n          Range Finder: UNSPECIFIED\n                   RTK: UNSPECIFIED\n             MAV State: ACTIVE\n               MAV IMU: ACTIVE\n          MAV Odometry: ACTIVE\n      MAV Magnetometer: ACTIVE\n MAV Absolute Pressure: ACTIVE\n           MAV Battery: INACTIVE\n             MAV Motor: UNSP...",
      "[ERROR] Stop Init: Reject from GCS.\n",
      "[ERROR] Fail to make Init Instruction.\n",
      "[ INFO] Waiting for first status message...\n",
      "MAVROS and GEOMETRIC_CONTROLLER initialization was successful.\n",
      "[ INFO] Parsing successful.\n",
      "[ INFO] Waiting for final status result...\n",
      "[ERROR] FLIR camera is not activated and will not send the image to GCS.\n",
      "[ERROR] D455 camera is not activated and will not send the image to GCS.\n",
      "\n========================================\n             MAV_STATE: MANUAL\n\n                  FLIR: NOT_FOUND\n                  D455: NOT_FOUND\n                  T265: UNSPECIFIED\n                 LIDAR: NOT_FOUND\n          Range Finder: UNSPECIFIED\n                   RTK: UNSPECIFIED\n             MAV State: ACTIVE\n               MAV IMU: ACTIVE\n          MAV Odometry: ACTIVE\n      MAV Magnetometer: ACTIVE\n MAV Absolute Pressure: ACTIVE\n           MAV Battery: INACTIVE\n             MAV Motor: UNSP...",
      "[ERROR] Fail to make Init Instruction.\n",
      "The execution of the mission was unsuccessful.\n",
      "[ERROR] Stop Init: Reject from GCS.\n",
      "MAVROS and GEOMETRIC_CONTROLLER initialization was successful.\n",
      "[ INFO] Waiting for first status message...\n",
      "[ INFO] Parsing successful.\n",
      "[ INFO] Waiting for final status result...\n",
      "[ERROR] FLIR camera is not activated and will not send the image to GCS.\n",
      "[ERROR] D455 camera is not activated and will not send the image to GCS.\n",
      "\n========================================\n             MAV_STATE: MANUAL\n\n                  FLIR: NOT_FOUND\n                  D455: NOT_FOUND\n                  T265: UNSPECIFIED\n                 LIDAR: NOT_FOUND\n          Range Finder: UNSPECIFIED\n                   RTK: UNSPECIFIED\n             MAV State: ACTIVE\n               MAV IMU: ACTIVE\n          MAV Odometry: ACTIVE\n      MAV Magnetometer: ACTIVE\n MAV Absolute Pressure: ACTIVE\n           MAV Battery: INACTIVE\n             MAV Motor: UNSP...",
      "[ INFO] Waiting for confirm from GCS.\n",
      "The execution of the mission was unsuccessful.\n",
      "[ERROR] Fail to make Init Instruction.\n",
      "[ERROR] Stop Init: Peripherals check failed.\n",
      "[ INFO] Allowed by GCS.\n",
      "[ERROR] MAV Battery is INACTIVE.\n",
      "[ INFO] Parsing successful.\n",
      "[ INFO] Waiting for first status message...\n",
      "MAVROS and GEOMETRIC_CONTROLLER initialization was successful.\n",
      "[ INFO] Waiting for final status result...\n",
      "[ERROR] FLIR camera is not activated and will not send the image to GCS.\n",
      "[ERROR] D455 camera is not activated and will not send the image to GCS.\n",
      "\n========================================\n             MAV_STATE: MANUAL\n\n                  FLIR: NOT_FOUND\n                  D455: NOT_FOUND\n                  T265: UNSPECIFIED\n                 LIDAR: NOT_FOUND\n          Range Finder: UNSPECIFIED\n                   RTK: UNSPECIFIED\n             MAV State: ACTIVE\n               MAV IMU: ACTIVE\n          MAV Odometry: ACTIVE\n      MAV Magnetometer: ACTIVE\n MAV Absolute Pressure: ACTIVE\n           MAV Battery: INACTIVE\n             MAV Motor: UNSP...",
      "[ INFO] Waiting for confirm from GCS.\n",
      "[ INFO] Got confirm from GCS.\n",
      "[ INFO] Peripherals check passed. Everything is working.\n\n",
      "[ERROR] MAV Battery is INACTIVE.\n",
      "[ERROR] Stop Init: Peripherals check failed.\n",
      "[ERROR] Fail to make Init Instruction.\n",
      "The execution of the mission was unsuccessful.\n",
      "[ INFO] Waiting for first status message...\n",
      "[ INFO] MAVROS and GEOMETRIC_CONTROLLER initialization was successful.\n",
      "[ INFO] Parsing successful.\n",
      "[ INFO] Waiting for final status result...\n",
      "[ERROR] FLIR camera is not activated and will not send the image to GCS.\n",
      "[ERROR] D455 camera is not activated and will not send the image to GCS.\n",
      "\n========================================\n             MAV_STATE: MANUAL\n\n                  FLIR: NOT_FOUND\n                  D455: NOT_FOUND\n                  T265: UNSPECIFIED\n                 LIDAR: NOT_FOUND\n          Range Finder: UNSPECIFIED\n                   RTK: UNSPECIFIED\n             MAV State: ACTIVE\n               MAV IMU: ACTIVE\n          MAV Odometry: ACTIVE\n      MAV Magnetometer: ACTIVE\n MAV Absolute Pressure: ACTIVE\n           MAV Battery: INACTIVE\n             MAV Motor: UNSP...",
      "[ INFO] Waiting for confirm from GCS.\n",
      "[ INFO] Got confirm from GCS.\n",
      "[ INFO] Allowed from GCS.\n",
      "[ERROR] MAV Battery is INACTIVE.\n",
      "[ERROR] Stop Init: Peripherals check failed.\n",
      "[ERROR] Fail to make Init Instruction.\n",
      "[ERROR] The execution of the mission was unsuccessful.\n",
      "Connected to log server"
    ],
    "subHooks": [],
    "hookSource": {
      "lineNumber": 15,
      "functionName": "LogWindow",
      "fileName": "webpack-internal:///./components/Home/LogWindow.tsx",
      "columnNumber": 76
    }
  },
  {
    "name": "Effect",
    "value": "ƒ () {}",
    "subHooks": [],
    "hookSource": {
      "lineNumber": 18,
      "functionName": "LogWindow",
      "fileName": "webpack-internal:///./components/Home/LogWindow.tsx",
      "columnNumber": 53
    }
  }
]